|SourceProjectName:Visual Novel Maker.hpr
|DestinationProjectName:index.htm
index_hha.hhk
index.hhc
index.hhk
Adding_Chapters_and_Scenes.htm
Adding_Characters.htm
Animation_Basics.htm
Animations.htm
Animations_Animator.htm
Application.htm
Application_Preferences.htm
Audio.htm
Audio_Playback.htm
AudioBuffer.htm
AudioBufferReference_Class.htm
Background.htm
Basic.htm
Beginner_s_Guide.htm
Bitmap.htm
Bitmap_Basics.htm
Black_Jack.htm
Blackjack.htm
Build_Configurations.htm
Camera_Tutorial.htm
CG_Gallery.htm
Changing_your_Font.htm
Chapter.htm
Chapter_New.htm
Character.htm
Character_Expressions.htm
Characters.htm
Characters_Scripting_Guide.htm
Color.htm
Common_Events.htm
Common_Events_Guide.htm
Conditional_Choices.htm
Congratulations!_You_Finished_a_Game!.htm
Context_Menu.htm
Create_Game_Package.htm
Creating_a_Project.htm
Custom_Resource_Processor.htm
Customizing_your_Message_Box.htm
data_doc\index.html
Data_Getting_Started.htm
Database.htm
Display_a_Picture.htm
Domains.htm
Easing_Effects.htm
Editor.htm
End_User_License_Agreement.htm
engine_doc\index.html
Engine_Documentation.htm
Engine_Getting_Started.htm
Environment_Variables.htm
Evented_CG_Gallery.htm
Evented_Language_Menu_Screen.htm
Evented_Load_Screen.htm
Evented_Save_Screen.htm
Evented_Settings_Menu.htm
Evented_Title_Screen.htm
Example__Actions.htm
Example__Adding_a_new_database_category.htm
Example__Adding_a_new_scene_command.htm
Example__Animations.htm
Example__Custom_Layout_Behavior.htm
Example__Custom_Title-Screen.htm
Example__Data_Bindings.htm
Example__Formulas.htm
Example__Implementing_a_new_command_on_script-side.htm
Example__Movable_Character.htm
Example__Styles.htm
Example__Using_Components.htm
Example_Create_a_Language_Bundle.htm
Example_Create_an_Extension.htm
Expression_Importer.htm
Extension_Custom_Controls.htm
Extension_Manager.htm
External_Libraries.htm
External_Script_Editor.htm
For_Android.htm
For_iOS.htm
For_PC_Mac.htm
For_Web.htm
Game_Script_API_Reference.htm
game_script_doc\index.html
Game_Script_Documentation.htm
Game_Test.htm
GameScript_Getting_Started.htm
Getting_Started.htm
igui_doc\index.html
IGUI_Getting_Started.htm
Imagemap_Tutorial.htm
Importing_Resources.htm
In-Game_UI.htm
Install_Uninstall_Scripts.htm
Language_Configuration.htm
Learning_about_Conditional_Branches.htm
Learning_about_Switches.htm
Let_s_Make_a_Dating_Sim!.htm
List.htm
Live2D.htm
Live2D_Support.htm
Making_your_first_scene.htm
Mass_Edit.htm
Message.htm
Mini_Games.htm
Movie.htm
Narrative_Presentation.htm
New_Topic.htm
New_Topic1.htm
Notes.htm
Object_Component_System.htm
Objective-J_API.htm
Parallax_Scrolling.htm
Picture.htm
plugin_doc\index.html
Plugin_Getting_Started.htm
Preparing_a_Plot_Outline.htm
Preparing_a_Script.htm
Project_Preferences.htm
Registered_Trademarks.htm
Resource_Management.htm
Resource_Manager.htm
Resource_Standards.htm
Run_Configurations.htm
Save_System.htm
Scene.htm
Scene_Content.htm
Scene_Content_Commands.htm
Scene_Properties.htm
SceneCommand.htm
Screen.htm
Script_Agents.htm
Scripter_s_Guide.htm
Section_Extensions.htm
Setup_your_test_bed.htm
Sprites.htm
Staff_Credits.htm
StAR_End_User_License_Agreement.htm
Switch_to_Layout_Reference_List.htm
System.htm
System_Command.htm
Templates.htm
Text.htm
The_Menu_Bar.htm
The_Toolbar.htm
The_Visual_Novel_Maker_Way.htm
Tilemaps.htm
Tips_and_Tricks.htm
Topic_Fixer.htm
Transitions_and_Change_Scene.htm
Understanding_Choices_and_Labels.htm
Understanding_Predefined_Objects.htm
Understanding_Predefined_Position.htm
Update_History.htm
Videos.htm
Viewports.htm
Visual_Novel_Maker.htm
Ways_to_display_Character_Expressions.htm
Weather_Effects.htm
game_script_doc\api.js
engine_doc\api.js
igui_doc\api.js
plugin_doc\api.js
data_doc\api.js
data_doc\assets\js\apidocs.js
data_doc\assets\js\api-filter.js
data_doc\assets\js\api-list.js
data_doc\assets\js\api-search.js
data_doc\assets\js\yui-prettify.js
data_doc\assets\vendor\prettify\prettify-min.js
engine_doc\assets\js\apidocs.js
engine_doc\assets\js\api-filter.js
engine_doc\assets\js\api-list.js
engine_doc\assets\js\api-search.js
engine_doc\assets\js\yui-prettify.js
engine_doc\assets\vendor\prettify\prettify-min.js
template\Space_Gray\FontAwesome.otf
template\Space_Gray\fontawesome-webfont.eot
template\Space_Gray\fontawesome-webfont.svg
template\Space_Gray\fontawesome-webfont.ttf
template\Space_Gray\fontawesome-webfont.woff
template\Space_Gray\fontawesome-webfont.woff2
game_script_doc\assets\js\apidocs.js
game_script_doc\assets\js\api-filter.js
game_script_doc\assets\js\api-list.js
game_script_doc\assets\js\api-search.js
game_script_doc\assets\js\yui-prettify.js
game_script_doc\assets\vendor\prettify\prettify-min.js
highlight\highlight.pack.js
igui_doc\assets\js\apidocs.js
igui_doc\assets\js\api-filter.js
igui_doc\assets\js\api-list.js
igui_doc\assets\js\api-search.js
igui_doc\assets\js\yui-prettify.js
igui_doc\assets\vendor\prettify\prettify-min.js
plugin_doc\assets\js\apidocs.js
plugin_doc\assets\js\api-filter.js
plugin_doc\assets\js\api-list.js
plugin_doc\assets\js\api-search.js
plugin_doc\assets\js\yui-prettify.js
plugin_doc\assets\vendor\prettify\prettify-min.js
template\Charcoal_Grey\usersettings.js
template\Azure_Blue\usersettings.js
template\Space_Gray\usersettings.js
index.glo
default.css
template\Charcoal_Grey\layout-rtl.css
template\Charcoal_Grey\layout.css
template\Space_Gray\layout.css
template\Space_Gray\font-awesome.min.css
template\Azure_Blue\layout-rtl.css
template\Azure_Blue\layout.css
game_script_doc\assets\vendor\prettify\prettify-min.css
game_script_doc\assets\css\main.css
engine_doc\assets\vendor\prettify\prettify-min.css
engine_doc\assets\css\main.css
igui_doc\assets\vendor\prettify\prettify-min.css
igui_doc\assets\css\main.css
plugin_doc\assets\vendor\prettify\prettify-min.css
plugin_doc\assets\css\main.css
data_doc\assets\vendor\prettify\prettify-min.css
data_doc\assets\css\main.css
highlight\styles\default.css
MetisNotes_ScriptCall.png
CE_Parameterized.png
CE_DayNight.png
BustTutorial-011.jpg
TilemapExample.png
PicCmd.png
WoodsTileset.png
template\Azure_Blue\next_active.png
template\Azure_Blue\toc_desktop.png
template\Azure_Blue\filter_nomark.png
template\Azure_Blue\filter_clearall.png
template\Charcoal_Grey\next.png
template\Charcoal_Grey\previous_active.png
template\Charcoal_Grey\filter_mobile_applied.png
template\Charcoal_Grey\toc_book_open_mobile.png
template\Charcoal_Grey\logo.png
19.jpg
icon_window_play.png
states.png
willow.jpg
EaseOut.gif
linear.png
DatabaseRecords.png
web-start-screen.png
CE_ParametersOne.png
BustTutorial-010.jpg
icon_code_beanshell_new.png
BGCmd.png
$Naia.gif
InstallSections.png
template\Azure_Blue\toc_link_mobile_ltr.png
template\Azure_Blue\filter_nomark_radio.png
template\Charcoal_Grey\toc_book_closed_mobile_ltr.png
template\Charcoal_Grey\glossary_desktop.png
template\Charcoal_Grey\index_desktop.png
template\Charcoal_Grey\back_mobile_filter.png
template\Charcoal_Grey\toc_book_open_desktop.png
template\Charcoal_Grey\idx_topic.png
template\Charcoal_Grey\toc_book_closed_mobile_rtl.png
ANIMATIONSHEET.jpg
EaseIn-New.gif
wtd_language_idle.png
03_Foreground.png
wtd_language_idle.jpg
CE_ExampleCode_1.PNG
AudioCmd.png
BasicCmd.png
2017-01-30_5-18-49.jpg
resourcemanager-win2.jpg
Build_Phase.png
Build_Configuration.png
Build_Configurations.png
template\Azure_Blue\slider_open_ltr.png
template\Azure_Blue\back_mobile_ltr.png
template\Azure_Blue\social_close_ltr.png
template\Azure_Blue\slider_open_rtl.png
template\Azure_Blue\next_tab_active.png
template\Azure_Blue\andsearch_nomark.png
template\Azure_Blue\back_mobile_rtl.png
template\Azure_Blue\toc_mobile.png
template\Azure_Blue\social_close_rtl.png
template\Azure_Blue\toc_book_open_drildown.png
template\Azure_Blue\idx_topic.png
template\Charcoal_Grey\top.png
template\Charcoal_Grey\next_tab_active.png
template\Charcoal_Grey\search_mobile_active.png
template\Charcoal_Grey\filter_mobile_applied_active.png
template\Charcoal_Grey\filter_mobile_active.png
template\Charcoal_Grey\filter_mark.png
static_mask.jpg
characterexpression.jpg
icon_code_edit.png
icon_database_characters.png
imagemap.gif
icon_cube_blue.png
NarrativePresentationMetis_Small.png
DataRecordSelection.png
EventedUILang_en.jpg
ImageMapHotspotTutorial_en.jpg
BustTutorial-8.jpg
BustTutorial-7.jpg
BustTutorial-5.jpg
BustTutorial-4.jpg
BustTutorial-3.jpg
BustTutorial-2.jpg
SystemCmd.png
CharaCmd.png
SwitchGIF.gif
4FramesNaia-Helpfile_Select.png
4FramesNaia-Helpfile.png
ExtensionEditor.PNG
game_script_doc\assets\img\spinner.gif
template\Azure_Blue\filter_desktop_applied.png
template\Azure_Blue\previous_tab_active.png
template\Charcoal_Grey\search_desktop_navigation.png
template\Charcoal_Grey\filter_desktop_applied.png
template\Charcoal_Grey\search_mobile_navigation.png
template\Charcoal_Grey\social_open.png
vague0.png
icon_cube_blue_new.png
vague0.gif
showpicturemask.gif
circ4.png
circ3.png
circ2.png
circ1.png
easequadout.png
EasingsNew.gif
LivePreview.png
NumberDomain.png
Live2DExample.png
title_selected.jpg
topcenterbottomaceimage.jpg
PredefinedObjectPosition.jpg
CardExtensionStructure.png
data_doc\assets\img\spinner.gif
template\Azure_Blue\next_mobile_active.png
template\Azure_Blue\toc_topic_mobile.png
template\Charcoal_Grey\filter_clearall.png
Keyboard_White_Alt.png
14.jpg
imagemap-a.jpg
padlock.png
CommandSearch.png
GameTestConfig.png
Keyboard_White_Arrow_Left.png
template\Azure_Blue\top.png
template\Azure_Blue\toc_tab.png
template\Azure_Blue\search_mobile.png
template\Azure_Blue\previous_mobile_active.png
template\Azure_Blue\filter_mobile.png
template\Azure_Blue\loading.gif
template\Azure_Blue\toc_book_closed_mobile.png
template\Charcoal_Grey\social_close_ltr.png
template\Charcoal_Grey\glossary_tab.png
template\Charcoal_Grey\toc_tab_active.png
template\Charcoal_Grey\back_to_topic.png
15.jpg
maskmovie0.gif
SceneEditor.png
AndroidDeployment.png
BlackJack.png
image63.jpg
2017-02-20_8-19-55.jpg
Metisnotes13_en.png
BustTutorial.jpg
Metisnotes12_en.png
Metisnotes11_en.png
2017-02-01_22-12-57.jpg
2017-01-30_14-33-57.jpg
2017-01-30_11-02-57.jpg
2017-01-30_0-45-35.jpg
2017-01-26_18-27-51.jpg
4FramesNaia.png
EnvVars.png
RunConfig.png
template\Azure_Blue\search_desktop_navigation.png
template\Azure_Blue\search_mobile_navigation.png
template\Azure_Blue\andsearch_mark.png
template\Charcoal_Grey\toc_desktop.png
template\Charcoal_Grey\toc_tab.png
template\Charcoal_Grey\previous_tab.png
template\Charcoal_Grey\filter_mobile.png
template\Charcoal_Grey\filter_nomark.png
16.jpg
expressionimporter_6.jpg
expressionimporter_5.jpg
expressionimporter_4.jpg
expressionimporter_3.jpg
expressionimporter_2.jpg
expressionimporter_1.jpg
expressionimporter.jpg
maskmoviedynamic.gif
maskmoviestatic.gif
vague255.gif
charactervague0.png
GraphicalEditor.png
CameraTut-01.jpg
DayNightCE_Code.png
2017-01-30_16-25-40.jpg
2017-01-30_12-52-44.jpg
2017-01-30_4-54-24.jpg
2017-01-26_18-50-47.jpg
InGameScrollBar.PNG
RunPhase.png
ExtensionComposer.png
data_doc\assets\css\logo.png
game_script_doc\assets\css\logo.png
template\Azure_Blue\slider_ltr.png
template\Azure_Blue\search_desktop_active.png
template\Azure_Blue\previous_tab.png
template\Azure_Blue\next_mobile.png
template\Charcoal_Grey\glossary_mobile_active.png
template\Charcoal_Grey\search_mobile.png
logo2.png
icon_package_new.png
17.jpg
Metis_Writing_small.png
erasemovievague255.gif
maskmovie255.gif
buttons.png
croppic.jpg
icon_properties.png
NarrativePresentationMetis_COMIC_SMALL.png
02_MiddlegroundB.jpg
BranchingStoryPath-6.jpg
BranchingStoryPath-5.jpg
BranchingStoryPath-4.jpg
BranchingStoryPath-3.jpg
BranchingStoryPath-2.jpg
BranchingStoryPath-1.jpg
BranchingStoryPath.jpg
2017-01-31_1-09-07.jpg
2017-01-30_0-11-07.jpg
2017-01-30_0-05-37.jpg
Keyboard_White_Space.png
image8.gif
image6.gif
image5.gif
image4.gif
template\Azure_Blue\filter_desktop.png
template\Azure_Blue\glossary_desktop.png
template\Azure_Blue\back_mobile_filter.png
template\Azure_Blue\glossary_mobile.png
template\Azure_Blue\search_desktop.png
template\Charcoal_Grey\toc_book_closed_desktop_ltr.png
template\Charcoal_Grey\filter_desktop.png
template\Charcoal_Grey\index_tab_active.png
template\Charcoal_Grey\andsearch_nomark.png
template\Charcoal_Grey\filter_mark_radio.png
template\Charcoal_Grey\toc_book_closed_desktop_rtl.png
20.jpg
arrow.png
icon_resource_manager.png
characterstaticmask.jpg
icon_flag_generic_edit.png
MetisNotes_NoProgrammingForce.png
The_Three_Act_Structure.png
CE_ExampleCode_2_2.PNG
icon_play.png
2017-01-31_8-32-56.jpg
2017-01-30_8-39-36.jpg
2017-01-30_5-56-46.jpg
2017-01-30_4-52-06.jpg
2017-01-30_4-47-36.jpg
2017-01-30_0-43-16.jpg
LoadGame_ScriptGuide.png
Keyboard_White_Arrow_Up.png
live2d_model.png
plugin_doc\assets\css\logo.png
template\Azure_Blue\search_mobile_active.png
template\Azure_Blue\toc_book_open_desktop.png
template\Charcoal_Grey\toc_link_desktop_ltr.png
template\Charcoal_Grey\search_desktop_active.png
template\Charcoal_Grey\next_active.png
template\Charcoal_Grey\next_mobile.png
template\Charcoal_Grey\toc_link_desktop_rtl.png
template\Charcoal_Grey\toc_topic_mobile.png
icon_book.png
icon_help.png
icon_undo.png
21.jpg
11.jpg
icon_project_new.png
charactervague255.png
icon_copy.png
languageconfig.jpg
Live2DViewer.png
2017-02-01_22-15-17.jpg
Metisnotes010_en.png
2017-02-01_22-44-11.jpg
2017-02-01_22-21-17.jpg
2017-01-30_13-10-13.jpg
2017-01-30_10-43-14.jpg
2017-01-30_5-23-31.jpg
2017-01-30_4-59-01.jpg
2017-01-26_18-12-16.jpg
Keyboard_White_Esc.png
engine_doc\assets\img\spinner.gif
template\Azure_Blue\index_tab.png
template\Charcoal_Grey\slider_ltr.png
template\Charcoal_Grey\print_desktop.png
template\Charcoal_Grey\slider_rtl.png
template\Charcoal_Grey\filter_tab.png
template\Charcoal_Grey\filter_tab_applied_active.png
template\Charcoal_Grey\glossary_tab_active.png
template\Charcoal_Grey\glossary_mobile.png
template\Charcoal_Grey\search_mobile_navigation_active.png
template\Charcoal_Grey\loading.gif
Keyboard_White_Ctrl.png
32.png
icon_project.png
12.jpg
icon_database_gallery.png
22.jpg
floppy_disk.png
locked-padlock.png
icon_clear.png
Keyboard_White_Command.png
Keyboard_White_Mouse_Right.png
iOSDeploy.png
SceneProps.png
ParallaxScrolling-2.gif
CE_Parameters.png
HideMoneyCode.png
ShowMoneyCode.pnb.PNG
2017-01-30_16-54-04.jpg
2017-01-30_13-04-09.jpg
2017-01-30_10-50-01.jpg
2017-01-30_10-02-07.jpg
2017-01-30_5-21-00.jpg
2017-01-30_4-39-10.jpg
2017-01-30_0-10-00.jpg
InstallResources.png
igui_doc\assets\img\spinner.gif
template\Azure_Blue\previous_active.png
template\Azure_Blue\filter_tab_applied.png
template\Azure_Blue\previous_mobile.png
template\Azure_Blue\filter_mark.png
template\Charcoal_Grey\search_tab.png
template\Charcoal_Grey\filter_tab_applied.png
template\Charcoal_Grey\search_tab_active.png
template\Charcoal_Grey\toc_mobile.png
template\Charcoal_Grey\previous_mobile.png
template\Charcoal_Grey\toc_topic_desktop.png
13.jpg
Keyboard_White_Tab.png
image61.gif
CreateExtensionForSharing.png
VariableDomain.png
HotspotProps.png
image63.gif
ParallaxScrolling.gif
BranchingStoryPath-Breakdown2.jpg
BranchingStoryPath-Breakdown.jpg
image84.gif
image81.gif
image80.gif
image77.gif
image79.gif
image76.gif
image75.gif
image74.gif
image73.gif
SCRIPTEDITOR-2.jpg
image69.gif
SceneCmd.png
2017-01-30_16-14-35.jpg
2017-01-30_14-20-32.jpg
2017-01-30_13-58-33.jpg
2017-01-30_13-21-36.jpg
image66.gif
2017-01-30_10-34-36.jpg
2017-01-30_5-25-23.jpg
2017-01-30_0-27-13.jpg
image65.gif
image62.gif
2017-01-26_18-17-38.jpg
image57.gif
image58.gif
image51.gif
image50.gif
image49.gif
image48.gif
image47.gif
ExpandedTileset.png
image46.gif
image45.gif
image43.gif
image42.gif
image41.gif
image40.gif
image38.gif
image37.gif
image35.gif
image34.gif
image33.gif
image31.gif
image30.gif
image29.gif
image28.gif
image26.gif
engine_doc\assets\css\logo.png
template\Azure_Blue\print_desktop.png
template\Azure_Blue\index_desktop.png
template\Azure_Blue\filter_mobile_applied.png
template\Charcoal_Grey\slider_open_ltr.png
template\Charcoal_Grey\slider_open_rtl.png
template\Charcoal_Grey\filter_tab_active.png
dynamicmask.gif
icon_language_view.png
icon_database_view.png
screenvague3.jpg
screenvague1.jpg
erasemovievague0.gif
icon_cut.png
easequadinout.png
easequadin.png
Metisnotes8_en.png
CreateTwoCE.PNG
BustTutorial-015.jpg
atmosphere-sparkle.jpg
icon_folder_closed_new.png
ScreenExplain.png
Metisnotes9_en.png
2017-02-01_22-53-24.jpg
Metisnotes7_en.png
2017-01-30_12-46-26.jpg
Metisnotes6_en.png
Metisnotes5_en.png
2017-01-30_6-00-32.jpg
2017-01-30_5-56-02.jpg
Metisnotes4_en.png
Metisnotes3_en.png
Metisnotes2_en.png
Metisnotes1_en.png
2017-01-26_18-53-22.jpg
CreateGamePackage.png
EnvVar.png
plugin_doc\assets\img\spinner.gif
template\Azure_Blue\previous.png
template\Azure_Blue\next_tab.png
template\Azure_Blue\index_mobile.png
template\Azure_Blue\social_open.png
template\Azure_Blue\filter_mark_radio.png
template\Charcoal_Grey\previous.png
template\Charcoal_Grey\index_tab.png
template\Charcoal_Grey\filter_nomark_radio.png
template\Charcoal_Grey\toc_book_open_drildown.png
Keyboard_White_Del.png
icon_database_system.png
icon_database_animations.png
icon_database_expressions.png
pictureerase.gif
ParallaxScrolling_Forest.jpg
01_Background.png
CallParameters.png
ui_back.png
FirstScene-1.jpg
WindowFrame.png
Inq_XP_MT_-_Dirt.png
AppPrefGeneral.png
RunConfigurations.png
Keyboard_White_Arrow_Down.png
InstallSections2.png
template\Azure_Blue\slider_rtl.png
template\Azure_Blue\glossary_tab.png
template\Azure_Blue\toc_book_closed_desktop.png
template\Charcoal_Grey\toc_link_mobile_ltr.png
template\Charcoal_Grey\next_tab.png
template\Charcoal_Grey\andsearch_mark.png
template\Charcoal_Grey\index_mobile_active.png
template\Charcoal_Grey\next_mobile_active.png
template\Charcoal_Grey\social_close_rtl.png
template\Charcoal_Grey\toc_link_mobile_rtl.png
vague255.png
icon_folder_closed.png
characterdynamicmask.gif
path.jpg
autoerase.jpg
icon_paste_overwrite.png
icon_map_view.png
InsertNewStringA.jpg
ImageMapTut6.jpg
ImageMapTut5.jpg
ImageMapTut4.jpg
ImageMapTut3.jpg
ImageMapTut2.jpg
ImageMapTut1.jpg
CE_ParameterSetting.png
BustTutorial-013.jpg
weather-rainstorm.jpg
ScriptEditor.jpg
MsgCmd.png
ProjectPref.png
ScriptEditor.PNG
igui_doc\assets\css\logo.png
template\Azure_Blue\toc_topic_desktop.png
template\Azure_Blue\toc_link_mobile_rtl.png
template\Space_Gray\logo.png
template\Charcoal_Grey\index_mobile.png
template\Charcoal_Grey\toc_mobile_active.png
template\Charcoal_Grey\previous_mobile_active.png
template\Charcoal_Grey\search_desktop.png
1.jpg
7.jpg
icon_music_player.png
icon_extension_view.png
9.jpg
4.jpg
6.jpg
5.jpg
3.jpg
2.jpg
command-expander-arrow.png
InsertNewStringB.jpg
LanguageProfile.png
ScreenCmd.png
02_Middleground.png
CE_CharacterParameters.PNG
CE_ExampleCode_2.PNG
BustTutorial-012.jpg
ScreenExplain2.png
AnchorPoints.png
SaveGameFile_ScriptGuide.PNG
SaveGame_ScriptGuide.png
Keyboard_White_Enter_Alt.png
Keyboard_White_Arrow_Right.png
ExtensionManager.png
template\Azure_Blue\toc_link_desktop_ltr.png
template\Azure_Blue\next.png
template\Azure_Blue\search_tab.png
template\Azure_Blue\filter_tab.png
template\Azure_Blue\menu.png
template\Azure_Blue\toc_book_open_mobile.png
template\Azure_Blue\logo.png
template\Azure_Blue\toc_link_desktop_rtl.png
template\Charcoal_Grey\previous_tab_active.png
icon_window_size_play.png
icon_database_commonevents.png
18.jpg
icon_project_edit.png
Keyboard_White_Shift.png
icon_flag_generic_new.png
icon_delete.png
icon_paste.png
EaseInOut.gif
linearnew.gif
InsertNewStringC.jpg
ImageMapHotspotTutorial2.mp4
CameraTutorial.mp4
ImageMapHotspotTutorial.mp4
SparklingSenpaiMute.mp4
bandicam_2017-02-14_23-48-33-331.mp4
CameraTutorialSimple.mp4
RoboHHRE.lng
index.ppf
objj_doc\html\index.html
ehlpdhtm.js
SearchOptions.xml
whxdata\toc1.js
whxdata\toc1.new.js
whxdata\toc3.js
whxdata\toc3.new.js
whxdata\toc4.js
whxdata\toc4.new.js
whxdata\toc6.js
whxdata\toc6.new.js
whxdata\toc5.js
whxdata\toc5.new.js
whxdata\toc7.js
whxdata\toc7.new.js
whxdata\toc8.js
whxdata\toc8.new.js
whxdata\toc2.js
whxdata\toc2.new.js
whxdata\toc10.js
whxdata\toc10.new.js
whxdata\toc12.js
whxdata\toc12.new.js
whxdata\toc13.js
whxdata\toc13.new.js
whxdata\toc14.js
whxdata\toc14.new.js
whxdata\toc15.js
whxdata\toc15.new.js
whxdata\toc16.js
whxdata\toc16.new.js
whxdata\toc17.js
whxdata\toc17.new.js
whxdata\toc11.js
whxdata\toc11.new.js
whxdata\toc9.js
whxdata\toc9.new.js
whxdata\toc19.js
whxdata\toc19.new.js
whxdata\toc20.js
whxdata\toc20.new.js
whxdata\toc18.js
whxdata\toc18.new.js
whxdata\toc22.js
whxdata\toc22.new.js
whxdata\toc25.js
whxdata\toc25.new.js
whxdata\toc24.js
whxdata\toc24.new.js
whxdata\toc23.js
whxdata\toc23.new.js
whxdata\toc27.js
whxdata\toc27.new.js
whxdata\toc26.js
whxdata\toc26.new.js
whxdata\toc28.js
whxdata\toc28.new.js
whxdata\toc29.js
whxdata\toc29.new.js
whxdata\toc21.js
whxdata\toc21.new.js
whxdata\toc30.js
whxdata\toc30.new.js
whxdata\toc.js
whxdata\toc.new.js
whxdata\idx.js
whxdata\idx.new.js
whxdata\glo.js
whxdata\glo.new.js
whxdata\package_0_xml.js
whxdata\package_1_xml.js
whxdata\package_2_xml.js
whxdata\package_3_xml.js
whxdata\package_4_xml.js
whxdata\package_5_xml.js
whxdata\package_6_xml.js
whxdata\package_7_xml.js
whxdata\package_8_xml.js
whxdata\package_9_xml.js
whxdata\package_10_xml.js
whxdata\package_11_xml.js
whxdata\package_12_xml.js
whxdata\package_13_xml.js
whxdata\package_14_xml.js
whxdata\package_15_xml.js
whxdata\package_16_xml.js
whxdata\package_17_xml.js
whxdata\package_18_xml.js
whxdata\package_19_xml.js
whxdata\package_20_xml.js
whxdata\package_21_xml.js
whxdata\package_22_xml.js
whxdata\package_23_xml.js
whxdata\package_24_xml.js
whxdata\package_25_xml.js
whxdata\package_26_xml.js
whxdata\package_27_xml.js
whxdata\package_28_xml.js
whxdata\package_29_xml.js
whxdata\package_30_xml.js
whxdata\package_31_xml.js
whxdata\package_32_xml.js
whxdata\package_33_xml.js
whxdata\package_34_xml.js
whxdata\package_35_xml.js
whxdata\package_36_xml.js
whxdata\package_37_xml.js
whxdata\package_38_xml.js
whxdata\package_39_xml.js
whxdata\package_40_xml.js
whxdata\package_41_xml.js
whxdata\package_42_xml.js
whxdata\package_43_xml.js
whxdata\package_44_xml.js
whxdata\package_45_xml.js
whxdata\package_46_xml.js
whxdata\package_47_xml.js
whxdata\package_48_xml.js
whxdata\package_49_xml.js
whxdata\package_50_xml.js
whxdata\package_51_xml.js
whxdata\package_52_xml.js
whxdata\package_53_xml.js
whxdata\package_54_xml.js
whxdata\package_55_xml.js
whxdata\package_56_xml.js
whxdata\package_57_xml.js
whxdata\package_58_xml.js
whxdata\package_59_xml.js
whxdata\package_60_xml.js
whxdata\package_61_xml.js
whxdata\package_62_xml.js
whxdata\package_63_xml.js
whxdata\package_64_xml.js
whxdata\package_65_xml.js
whxdata\package_66_xml.js
whxdata\package_67_xml.js
whxdata\package_68_xml.js
whxdata\package_69_xml.js
whxdata\package_70_xml.js
whxdata\package_71_xml.js
whxdata\package_72_xml.js
whxdata\package_73_xml.js
whxdata\package_74_xml.js
whxdata\package_75_xml.js
whxdata\package_76_xml.js
whxdata\package_77_xml.js
whxdata\package_78_xml.js
whxdata\package_79_xml.js
whxdata\package_80_xml.js
whxdata\package_81_xml.js
whxdata\package_82_xml.js
whxdata\package_83_xml.js
whxdata\package_84_xml.js
whxdata\package_85_xml.js
whxdata\package_86_xml.js
whxdata\package_87_xml.js
whxdata\package_88_xml.js
whxdata\package_89_xml.js
whxdata\package_90_xml.js
whxdata\package_91_xml.js
whxdata\package_92_xml.js
whxdata\package_93_xml.js
whxdata\package_94_xml.js
whxdata\package_95_xml.js
whxdata\package_96_xml.js
whxdata\package_97_xml.js
whxdata\package_98_xml.js
whxdata\package_99_xml.js
whxdata\package_100_xml.js
whxdata\package_101_xml.js
whxdata\package_102_xml.js
whxdata\package_103_xml.js
whxdata\package_104_xml.js
whxdata\package_105_xml.js
whxdata\package_106_xml.js
whxdata\package_107_xml.js
whxdata\package_108_xml.js
whxdata\package_109_xml.js
whxdata\package_110_xml.js
whxdata\package_111_xml.js
whxdata\package_112_xml.js
whxdata\package_113_xml.js
whxdata\package_114_xml.js
whxdata\package_115_xml.js
whxdata\package_116_xml.js
whxdata\package_117_xml.js
whxdata\package_118_xml.js
whxdata\package_119_xml.js
whxdata\package_120_xml.js
whxdata\package_121_xml.js
whxdata\package_122_xml.js
whxdata\package_123_xml.js
whxdata\package_124_xml.js
whxdata\package_125_xml.js
whxdata\package_126_xml.js
whxdata\package_127_xml.js
whxdata\package_128_xml.js
whxdata\package_129_xml.js
whxdata\package_130_xml.js
whxdata\package_131_xml.js
whxdata\package_132_xml.js
whxdata\package_133_xml.js
whxdata\package_134_xml.js
whxdata\package_135_xml.js
whxdata\package_136_xml.js
whxdata\package_137_xml.js
whxdata\package_138_xml.js
whxdata\package_139_xml.js
whxdata\package_140_xml.js
whxdata\package_141_xml.js
whxdata\package_142_xml.js
whxdata\package_143_xml.js
whxdata\package_144_xml.js
whxdata\package_145_xml.js
whxdata\package_146_xml.js
whxdata\package_147_xml.js
whxdata\package_148_xml.js
whxdata\package_149_xml.js
whxdata\package_150_xml.js
whxdata\package_151_xml.js
whxdata\package_152_xml.js
whxdata\package_153_xml.js
whxdata\package_154_xml.js
whxdata\package_155_xml.js
whxdata\package_156_xml.js
whxdata\package_157_xml.js
whxdata\package_158_xml.js
whxdata\package_159_xml.js
whxdata\package_160_xml.js
whxdata\package_161_xml.js
whxdata\package_162_xml.js
whxdata\package_163_xml.js
whxdata\package_164_xml.js
whxdata\package_165_xml.js
whxdata\package_166_xml.js
whxdata\package_167_xml.js
whxdata\package_168_xml.js
whxdata\package_169_xml.js
whxdata\package_170_xml.js
whxdata\package_171_xml.js
whxdata\package_172_xml.js
whxdata\package_173_xml.js
whxdata\package_174_xml.js
whxdata\package_175_xml.js
whxdata\package_176_xml.js
whxdata\package_177_xml.js
whxdata\package_178_xml.js
whxdata\package_179_xml.js
whxdata\package_180_xml.js
whxdata\package_181_xml.js
whxdata\package_182_xml.js
whxdata\package_183_xml.js
whxdata\package_184_xml.js
whxdata\package_185_xml.js
whxdata\package_186_xml.js
whxdata\package_187_xml.js
whxdata\package_188_xml.js
whxdata\package_189_xml.js
whxdata\package_190_xml.js
whxdata\package_191_xml.js
whxdata\package_192_xml.js
whxdata\package_193_xml.js
whxdata\package_194_xml.js
whxdata\package_195_xml.js
whxdata\package_196_xml.js
whxdata\package_197_xml.js
whxdata\package_198_xml.js
whxdata\package_199_xml.js
whxdata\package_200_xml.js
whxdata\package_201_xml.js
whxdata\package_202_xml.js
whxdata\package_203_xml.js
whxdata\package_204_xml.js
whxdata\package_205_xml.js
whxdata\package_206_xml.js
whxdata\package_207_xml.js
whxdata\package_208_xml.js
whxdata\package_209_xml.js
whxdata\package_210_xml.js
whxdata\package_211_xml.js
whxdata\package_212_xml.js
whxdata\package_213_xml.js
whxdata\package_214_xml.js
whxdata\package_215_xml.js
whxdata\package_216_xml.js
whxdata\package_217_xml.js
whxdata\package_218_xml.js
whxdata\package_219_xml.js
whxdata\package_220_xml.js
whxdata\package_221_xml.js
whxdata\package_222_xml.js
whxdata\package_223_xml.js
whxdata\package_224_xml.js
whxdata\package_225_xml.js
whxdata\package_226_xml.js
whxdata\package_227_xml.js
whxdata\package_228_xml.js
whxdata\package_229_xml.js
whxdata\package_230_xml.js
whxdata\package_231_xml.js
whxdata\package_232_xml.js
whxdata\package_233_xml.js
whxdata\package_234_xml.js
whxdata\package_235_xml.js
whxdata\package_236_xml.js
whxdata\package_237_xml.js
whxdata\package_238_xml.js
whxdata\package_239_xml.js
whxdata\package_240_xml.js
whxdata\package_241_xml.js
whxdata\package_242_xml.js
whxdata\package_243_xml.js
whxdata\package_244_xml.js
whxdata\package_245_xml.js
whxdata\package_246_xml.js
whxdata\package_247_xml.js
whxdata\package_248_xml.js
whxdata\package_249_xml.js
whxdata\package_250_xml.js
whxdata\package_251_xml.js
whxdata\package_252_xml.js
whxdata\package_253_xml.js
whxdata\package_254_xml.js
whxdata\package_255_xml.js
whxdata\package_256_xml.js
whxdata\package_257_xml.js
whxdata\package_258_xml.js
whxdata\package_259_xml.js
whxdata\package_260_xml.js
whxdata\package_261_xml.js
whxdata\package_262_xml.js
whxdata\package_263_xml.js
whxdata\package_264_xml.js
whxdata\package_265_xml.js
whxdata\package_266_xml.js
whxdata\package_267_xml.js
whxdata\package_268_xml.js
whxdata\package_269_xml.js
whxdata\package_270_xml.js
whxdata\package_271_xml.js
whxdata\package_272_xml.js
whxdata\package_273_xml.js
whxdata\package_274_xml.js
whxdata\package_275_xml.js
whxdata\package_276_xml.js
whxdata\package_277_xml.js
whxdata\package_278_xml.js
whxdata\package_279_xml.js
whxdata\package_280_xml.js
whxdata\package_281_xml.js
whxdata\package_282_xml.js
whxdata\package_283_xml.js
whxdata\package_284_xml.js
whxdata\package_285_xml.js
whxdata\package_286_xml.js
whxdata\package_287_xml.js
whxdata\package_288_xml.js
whxdata\package_289_xml.js
whxdata\package_290_xml.js
whxdata\package_291_xml.js
whxdata\package_292_xml.js
whxdata\package_293_xml.js
whxdata\package_294_xml.js
whxdata\package_295_xml.js
whxdata\package_296_xml.js
whxdata\package_297_xml.js
whxdata\package_298_xml.js
whxdata\package_299_xml.js
whxdata\package_300_xml.js
whxdata\package_301_xml.js
whxdata\package_302_xml.js
whxdata\package_303_xml.js
whxdata\package_304_xml.js
whxdata\package_305_xml.js
whxdata\package_306_xml.js
whxdata\package_307_xml.js
whxdata\package_308_xml.js
whxdata\package_309_xml.js
whxdata\package_310_xml.js
whxdata\package_311_xml.js
whxdata\package_312_xml.js
whxdata\package_313_xml.js
whxdata\package_314_xml.js
whxdata\package_315_xml.js
whxdata\package_316_xml.js
whxdata\package_317_xml.js
whxdata\package_318_xml.js
whxdata\package_319_xml.js
whxdata\package_320_xml.js
whxdata\package_321_xml.js
whxdata\package_322_xml.js
whxdata\package_323_xml.js
whxdata\package_324_xml.js
whxdata\package_325_xml.js
whxdata\package_326_xml.js
whxdata\package_327_xml.js
whxdata\package_328_xml.js
whxdata\package_329_xml.js
whxdata\package_330_xml.js
whxdata\package_331_xml.js
whxdata\package_332_xml.js
whxdata\package_333_xml.js
whxdata\package_334_xml.js
whxdata\package_335_xml.js
whxdata\package_336_xml.js
whxdata\package_337_xml.js
whxdata\package_338_xml.js
whxdata\package_339_xml.js
whxdata\package_340_xml.js
whxdata\package_341_xml.js
whxdata\package_342_xml.js
whxdata\package_343_xml.js
whxdata\package_344_xml.js
whxdata\package_345_xml.js
whxdata\package_346_xml.js
whxdata\package_347_xml.js
whxdata\package_348_xml.js
whxdata\package_349_xml.js
whxdata\package_350_xml.js
whxdata\package_351_xml.js
whxdata\package_352_xml.js
whxdata\package_353_xml.js
whxdata\package_354_xml.js
whxdata\package_355_xml.js
whxdata\package_356_xml.js
whxdata\package_357_xml.js
whxdata\package_358_xml.js
whxdata\package_359_xml.js
whxdata\package_360_xml.js
whxdata\package_361_xml.js
whxdata\package_362_xml.js
whxdata\package_363_xml.js
whxdata\package_364_xml.js
whxdata\package_365_xml.js
whxdata\package_366_xml.js
whxdata\package_367_xml.js
whxdata\package_368_xml.js
whxdata\package_369_xml.js
whxdata\package_370_xml.js
whxdata\package_371_xml.js
whxdata\package_372_xml.js
whxdata\package_373_xml.js
whxdata\package_374_xml.js
whxdata\package_375_xml.js
whxdata\package_376_xml.js
whxdata\package_377_xml.js
whxdata\package_378_xml.js
whxdata\package_379_xml.js
whxdata\package_380_xml.js
whxdata\package_381_xml.js
whxdata\package_382_xml.js
whxdata\package_383_xml.js
whxdata\package_384_xml.js
whxdata\package_385_xml.js
whxdata\package_386_xml.js
whxdata\package_387_xml.js
whxdata\package_388_xml.js
whxdata\package_389_xml.js
whxdata\package_390_xml.js
whxdata\package_391_xml.js
whxdata\package_392_xml.js
whxdata\package_393_xml.js
whxdata\package_394_xml.js
whxdata\package_395_xml.js
whxdata\package_396_xml.js
whxdata\package_397_xml.js
whxdata\package_398_xml.js
whxdata\package_399_xml.js
whxdata\package_400_xml.js
whxdata\package_401_xml.js
whxdata\package_402_xml.js
whxdata\package_403_xml.js
whxdata\package_404_xml.js
whxdata\package_405_xml.js
whxdata\package_406_xml.js
whxdata\package_407_xml.js
whxdata\package_408_xml.js
whxdata\package_409_xml.js
whxdata\package_410_xml.js
whxdata\package_411_xml.js
whxdata\package_412_xml.js
whxdata\package_413_xml.js
whxdata\package_414_xml.js
whxdata\package_415_xml.js
whxdata\package_416_xml.js
whxdata\package_417_xml.js
whxdata\package_418_xml.js
whxdata\package_419_xml.js
whxdata\package_420_xml.js
whxdata\package_421_xml.js
whxdata\package_422_xml.js
whxdata\package_423_xml.js
whxdata\package_424_xml.js
whxdata\package_425_xml.js
whxdata\package_426_xml.js
whxdata\package_427_xml.js
whxdata\package_428_xml.js
whxdata\package_429_xml.js
whxdata\package_430_xml.js
whxdata\package_431_xml.js
whxdata\package_432_xml.js
whxdata\package_433_xml.js
whxdata\package_434_xml.js
whxdata\package_435_xml.js
whxdata\package_436_xml.js
whxdata\package_437_xml.js
whxdata\package_438_xml.js
whxdata\package_439_xml.js
whxdata\package_440_xml.js
whxdata\package_441_xml.js
whxdata\package_442_xml.js
whxdata\package_443_xml.js
whxdata\package_444_xml.js
whxdata\package_445_xml.js
whxdata\package_446_xml.js
whxdata\package_447_xml.js
whxdata\package_448_xml.js
whxdata\package_449_xml.js
whxdata\package_450_xml.js
whxdata\package_451_xml.js
whxdata\package_452_xml.js
whxdata\package_453_xml.js
whxdata\package_454_xml.js
whxdata\package_455_xml.js
whxdata\package_456_xml.js
whxdata\package_457_xml.js
whxdata\package_458_xml.js
whxdata\package_459_xml.js
whxdata\package_460_xml.js
whxdata\package_461_xml.js
whxdata\package_462_xml.js
whxdata\package_463_xml.js
whxdata\package_464_xml.js
whxdata\package_465_xml.js
whxdata\package_466_xml.js
whxdata\package_467_xml.js
whxdata\package_468_xml.js
whxdata\package_469_xml.js
whxdata\package_470_xml.js
whxdata\package_471_xml.js
whxdata\package_472_xml.js
whxdata\package_473_xml.js
whxdata\package_474_xml.js
whxdata\package_475_xml.js
whxdata\package_476_xml.js
whxdata\package_477_xml.js
whxdata\package_478_xml.js
whxdata\package_479_xml.js
whxdata\package_480_xml.js
whxdata\package_481_xml.js
whxdata\package_482_xml.js
whxdata\package_483_xml.js
whxdata\package_484_xml.js
whxdata\package_485_xml.js
whxdata\package_486_xml.js
whxdata\package_487_xml.js
whxdata\package_488_xml.js
whxdata\package_489_xml.js
whxdata\package_490_xml.js
whxdata\package_491_xml.js
whxdata\package_492_xml.js
whxdata\package_493_xml.js
whxdata\package_494_xml.js
whxdata\package_495_xml.js
whxdata\package_496_xml.js
whxdata\package_497_xml.js
whxdata\package_498_xml.js
whxdata\package_499_xml.js
whxdata\package_500_xml.js
whxdata\package_501_xml.js
whxdata\package_502_xml.js
whxdata\package_503_xml.js
whxdata\package_504_xml.js
whxdata\package_505_xml.js
whxdata\package_506_xml.js
whxdata\package_507_xml.js
whxdata\package_508_xml.js
whxdata\package_509_xml.js
whxdata\package_510_xml.js
whxdata\package_511_xml.js
whxdata\package_512_xml.js
whxdata\package_513_xml.js
whxdata\package_514_xml.js
whxdata\package_515_xml.js
whxdata\package_516_xml.js
whxdata\package_517_xml.js
whxdata\package_518_xml.js
whxdata\package_519_xml.js
whxdata\package_520_xml.js
whxdata\package_521_xml.js
whxdata\package_522_xml.js
whxdata\package_523_xml.js
whxdata\package_524_xml.js
whxdata\package_525_xml.js
whxdata\package_526_xml.js
whxdata\package_527_xml.js
whxdata\package_528_xml.js
whxdata\package_529_xml.js
whxdata\package_530_xml.js
whxdata\package_531_xml.js
whxdata\package_532_xml.js
whxdata\package_533_xml.js
whxdata\package_534_xml.js
whxdata\package_535_xml.js
whxdata\package_536_xml.js
whxdata\package_537_xml.js
whxdata\package_538_xml.js
whxdata\package_539_xml.js
whxdata\package_540_xml.js
whxdata\package_541_xml.js
whxdata\package_542_xml.js
whxdata\package_543_xml.js
whxdata\package_544_xml.js
whxdata\package_545_xml.js
whxdata\package_546_xml.js
whxdata\package_547_xml.js
whxdata\package_548_xml.js
whxdata\package_549_xml.js
whxdata\package_550_xml.js
whxdata\package_551_xml.js
whxdata\package_552_xml.js
whxdata\package_553_xml.js
whxdata\package_554_xml.js
whxdata\package_555_xml.js
whxdata\package_556_xml.js
whxdata\package_557_xml.js
whxdata\package_558_xml.js
whxdata\package_559_xml.js
whxdata\package_560_xml.js
whxdata\package_561_xml.js
whxdata\package_562_xml.js
whxdata\package_563_xml.js
whxdata\package_564_xml.js
whxdata\package_565_xml.js
whxdata\package_566_xml.js
whxdata\package_567_xml.js
whxdata\package_568_xml.js
whxdata\package_569_xml.js
whxdata\package_570_xml.js
whxdata\package_571_xml.js
whxdata\package_572_xml.js
whxdata\package_573_xml.js
whxdata\package_574_xml.js
whxdata\package_575_xml.js
whxdata\package_576_xml.js
whxdata\package_577_xml.js
whxdata\package_578_xml.js
whxdata\package_579_xml.js
whxdata\package_580_xml.js
whxdata\package_581_xml.js
whxdata\package_582_xml.js
whxdata\package_583_xml.js
whxdata\package_584_xml.js
whxdata\package_585_xml.js
whxdata\package_586_xml.js
whxdata\package_587_xml.js
whxdata\package_588_xml.js
whxdata\package_589_xml.js
whxdata\package_590_xml.js
whxdata\package_591_xml.js
whxdata\package_592_xml.js
whxdata\package_593_xml.js
whxdata\package_594_xml.js
whxdata\package_595_xml.js
whxdata\package_596_xml.js
whxdata\package_597_xml.js
whxdata\package_598_xml.js
whxdata\package_599_xml.js
whxdata\package_600_xml.js
whxdata\package_601_xml.js
whxdata\package_602_xml.js
whxdata\package_603_xml.js
whxdata\package_604_xml.js
whxdata\package_605_xml.js
whxdata\package_606_xml.js
whxdata\package_607_xml.js
whxdata\package_608_xml.js
whxdata\package_609_xml.js
whxdata\package_610_xml.js
whxdata\package_611_xml.js
whxdata\package_612_xml.js
whxdata\package_613_xml.js
whxdata\package_614_xml.js
whxdata\package_615_xml.js
whxdata\package_616_xml.js
whxdata\package_617_xml.js
whxdata\package_618_xml.js
whxdata\package_619_xml.js
whxdata\package_620_xml.js
whxdata\package_621_xml.js
whxdata\package_622_xml.js
whxdata\package_623_xml.js
whxdata\package_624_xml.js
whxdata\package_625_xml.js
whxdata\package_626_xml.js
whxdata\package_627_xml.js
whxdata\package_628_xml.js
whxdata\package_629_xml.js
whxdata\package_630_xml.js
whxdata\package_631_xml.js
whxdata\package_632_xml.js
whxdata\package_633_xml.js
whxdata\package_634_xml.js
whxdata\package_635_xml.js
whxdata\package_636_xml.js
whxdata\package_637_xml.js
whxdata\package_638_xml.js
whxdata\package_639_xml.js
whxdata\package_640_xml.js
whxdata\package_641_xml.js
whxdata\package_642_xml.js
whxdata\package_643_xml.js
whxdata\package_644_xml.js
whxdata\package_645_xml.js
whxdata\package_646_xml.js
whxdata\package_647_xml.js
whxdata\package_648_xml.js
whxdata\package_649_xml.js
whxdata\package_650_xml.js
whxdata\package_651_xml.js
whxdata\package_652_xml.js
whxdata\package_653_xml.js
whxdata\package_654_xml.js
whxdata\package_655_xml.js
whxdata\package_656_xml.js
whxdata\package_657_xml.js
whxdata\package_658_xml.js
whxdata\package_659_xml.js
whxdata\package_660_xml.js
whxdata\package_661_xml.js
whxdata\package_662_xml.js
whxdata\package_663_xml.js
whxdata\package_664_xml.js
whxdata\package_665_xml.js
whxdata\package_666_xml.js
whxdata\package_667_xml.js
whxdata\package_668_xml.js
whxdata\package_669_xml.js
whxdata\package_670_xml.js
whxdata\package_671_xml.js
whxdata\package_672_xml.js
whxdata\package_673_xml.js
whxdata\package_674_xml.js
whxdata\package_675_xml.js
whxdata\package_676_xml.js
whxdata\package_677_xml.js
whxdata\package_678_xml.js
whxdata\package_679_xml.js
whxdata\package_680_xml.js
whxdata\package_681_xml.js
whxdata\package_682_xml.js
whxdata\package_683_xml.js
whxdata\package_684_xml.js
whxdata\package_685_xml.js
whxdata\package_686_xml.js
whxdata\package_687_xml.js
whxdata\package_688_xml.js
whxdata\package_689_xml.js
whxdata\package_690_xml.js
whxdata\package_691_xml.js
whxdata\package_692_xml.js
whxdata\package_693_xml.js
whxdata\package_694_xml.js
whxdata\package_695_xml.js
whxdata\package_696_xml.js
whxdata\package_697_xml.js
whxdata\package_698_xml.js
whxdata\package_699_xml.js
whxdata\package_700_xml.js
whxdata\package_701_xml.js
whxdata\package_702_xml.js
whxdata\package_703_xml.js
whxdata\package_704_xml.js
whxdata\package_705_xml.js
whxdata\package_706_xml.js
whxdata\package_707_xml.js
whxdata\package_708_xml.js
whxdata\package_709_xml.js
whxdata\package_710_xml.js
whxdata\package_711_xml.js
whxdata\package_712_xml.js
whxdata\package_713_xml.js
whxdata\package_714_xml.js
whxdata\package_715_xml.js
whxdata\package_716_xml.js
whxdata\package_717_xml.js
whxdata\package_718_xml.js
whxdata\package_719_xml.js
whxdata\package_720_xml.js
whxdata\package_721_xml.js
whxdata\package_722_xml.js
whxdata\package_723_xml.js
whxdata\package_724_xml.js
whxdata\package_725_xml.js
whxdata\package_726_xml.js
whxdata\package_727_xml.js
whxdata\package_728_xml.js
whxdata\package_729_xml.js
whxdata\package_730_xml.js
whxdata\package_731_xml.js
whxdata\package_732_xml.js
whxdata\package_733_xml.js
whxdata\package_734_xml.js
whxdata\package_735_xml.js
whxdata\package_736_xml.js
whxdata\package_737_xml.js
whxdata\package_738_xml.js
whxdata\package_739_xml.js
whxdata\package_740_xml.js
whxdata\package_741_xml.js
whxdata\package_742_xml.js
whxdata\package_743_xml.js
whxdata\package_744_xml.js
whxdata\package_745_xml.js
whxdata\package_746_xml.js
whxdata\package_747_xml.js
whxdata\package_748_xml.js
whxdata\package_749_xml.js
whxdata\package_750_xml.js
whxdata\package_751_xml.js
whxdata\package_752_xml.js
whxdata\package_753_xml.js
whxdata\package_754_xml.js
whxdata\package_755_xml.js
whxdata\package_756_xml.js
whxdata\package_757_xml.js
whxdata\package_758_xml.js
whxdata\package_759_xml.js
whxdata\package_760_xml.js
whxdata\package_761_xml.js
whxdata\package_762_xml.js
whxdata\package_763_xml.js
whxdata\package_764_xml.js
whxdata\package_765_xml.js
whxdata\package_766_xml.js
whxdata\package_767_xml.js
whxdata\package_768_xml.js
whxdata\package_769_xml.js
whxdata\package_770_xml.js
whxdata\package_771_xml.js
whxdata\package_772_xml.js
whxdata\package_773_xml.js
whxdata\package_774_xml.js
whxdata\package_775_xml.js
whxdata\package_776_xml.js
whxdata\package_777_xml.js
whxdata\package_778_xml.js
whxdata\package_779_xml.js
whxdata\package_780_xml.js
whxdata\package_781_xml.js
whxdata\package_782_xml.js
whxdata\package_783_xml.js
whxdata\package_784_xml.js
whxdata\package_785_xml.js
whxdata\package_786_xml.js
whxdata\package_787_xml.js
whxdata\package_788_xml.js
whxdata\package_789_xml.js
whxdata\package_790_xml.js
whxdata\package_791_xml.js
whxdata\package_792_xml.js
whxdata\package_793_xml.js
whxdata\package_794_xml.js
whxdata\package_795_xml.js
whxdata\package_796_xml.js
whxdata\package_797_xml.js
whxdata\package_798_xml.js
whxdata\package_799_xml.js
whxdata\package_800_xml.js
whxdata\package_801_xml.js
whxdata\packageindex_xml.js
whxdata\synonym.xml
whxdata\synonym_xml.js
whxdata\topictable_0_xml.js
whxdata\topictable_1_xml.js
whxdata\topictable_2_xml.js
whxdata\topictable_3_xml.js
whxdata\topictableindex_xml.js
whxdata\whfts.xml
whxdata\whfts_xml.js
whxdata\csh.js
whxdata\window.js
projectdata.js
